============================================================
Time  2017/05/09 11:40:51 670 
============================================================
[2017/05/09 11:40:51 670] isr        1659 isr loaded!  
[2017/05/09 11:40:51 670] isr        1642 SYS_MSG_REGCB param0 =   msp_status_cb  param1 =   func(2d51e40) 
[2017/05/09 11:40:51 670] isr        1537 ASR_MSG_SSB  
[2017/05/09 11:40:51 670] isr        1066 session_begin() [in], params:   sub=iat,aue=speex-wb;7,result_type=plain,result_encoding=utf8,language=zh_cn,accent=mandarin,sample_rate=16000,domain=music,vad_bos=2000,vad_eos=2000  nil  
[2017/05/09 11:40:51 671] isr        927  vad_set [in]  
[2017/05/09 11:40:51 671] isr        962  vad_enable :  true  
[2017/05/09 11:40:51 671] isr        980  vad_bos :  2000  
[2017/05/09 11:40:51 671] isr        981  vad_eos :  2000  
[2017/05/09 11:40:51 671] isr        886  enable_vad [in]  
[2017/05/09 11:40:51 671] isr        918  vad enabled!  2000  2000  
[2017/05/09 11:40:51 671] isr        921  enable_vad [out]  
[2017/05/09 11:40:51 671] isr        987  vad_set [out] | ret =  0  
[2017/05/09 11:40:51 671] isr        1187 cur_engine_type =   cloud  
[2017/05/09 11:40:51 671] isr        1001 cloud_session_begin  
[2017/05/09 11:40:51 671] isr        1013 standard  
[2017/05/09 11:40:51 868] isr        1547 ASR_MSG_AUW,   cloud  
[2017/05/09 11:40:51 868] isr        1559 4096  1  
[2017/05/09 11:40:51 868] isr        1569 once_bytes:   4096  
[2017/05/09 11:40:51 869] isr        851  [aud] speech start  
[2017/05/09 11:40:51 869] isr        798  1  msc  
[2017/05/09 11:40:51 994] isr        1547 ASR_MSG_AUW,   cloud  
[2017/05/09 11:40:51 994] isr        1559 4096  2  
[2017/05/09 11:40:52 036] isr        700  cloud_status_cb, eps:  1  
[2017/05/09 11:40:52 036] isr        798  1  cloud  
[2017/05/09 11:40:52 036] isr        813  cloud eps ignored  
[2017/05/09 11:40:52 125] isr        1547 ASR_MSG_AUW,   cloud  
[2017/05/09 11:40:52 125] isr        1559 4096  2  
[2017/05/09 11:40:52 255] isr        1547 ASR_MSG_AUW,   cloud  
[2017/05/09 11:40:52 255] isr        1559 4096  2  
[2017/05/09 11:40:52 384] isr        1547 ASR_MSG_AUW,   cloud  
[2017/05/09 11:40:52 384] isr        1559 4096  2  
[2017/05/09 11:40:52 505] isr        1547 ASR_MSG_AUW,   cloud  
[2017/05/09 11:40:52 505] isr        1559 4096  2  
[2017/05/09 11:40:52 634] isr        1547 ASR_MSG_AUW,   cloud  
[2017/05/09 11:40:52 634] isr        1559 4096  2  
[2017/05/09 11:40:52 765] isr        1547 ASR_MSG_AUW,   cloud  
[2017/05/09 11:40:52 765] isr        1559 4096  2  
[2017/05/09 11:40:52 894] isr        1547 ASR_MSG_AUW,   cloud  
[2017/05/09 11:40:52 895] isr        1559 4096  2  
[2017/05/09 11:40:53 025] isr        1547 ASR_MSG_AUW,   cloud  
[2017/05/09 11:40:53 025] isr        1559 4096  2  
[2017/05/09 11:40:53 144] isr        1547 ASR_MSG_AUW,   cloud  
[2017/05/09 11:40:53 144] isr        1559 4096  2  
[2017/05/09 11:40:53 275] isr        1547 ASR_MSG_AUW,   cloud  
[2017/05/09 11:40:53 275] isr        1559 4096  2  
[2017/05/09 11:40:53 404] isr        1547 ASR_MSG_AUW,   cloud  
[2017/05/09 11:40:53 404] isr        1559 4096  2  
[2017/05/09 11:40:53 535] isr        1547 ASR_MSG_AUW,   cloud  
[2017/05/09 11:40:53 535] isr        1559 4096  2  
[2017/05/09 11:40:53 664] isr        1547 ASR_MSG_AUW,   cloud  
[2017/05/09 11:40:53 664] isr        1559 4096  2  
[2017/05/09 11:40:53 783] isr        1547 ASR_MSG_AUW,   cloud  
[2017/05/09 11:40:53 785] isr        1559 4096  2  
[2017/05/09 11:40:53 786] isr        854  [aud] speech end  
[2017/05/09 11:40:53 786] isr        798  3  msc  
[2017/05/09 11:40:53 786] isr        864  aud end, MSC VAD  
[2017/05/09 11:40:53 914] isr        700  cloud_status_cb, eps:  3  
[2017/05/09 11:40:53 914] isr        798  3  cloud  
[2017/05/09 11:40:53 914] isr        800  already speech end  
[2017/05/09 11:40:53 917] isr        1547 ASR_MSG_AUW,   cloud  
[2017/05/09 11:40:53 917] isr        1559 4096  2  
[2017/05/09 11:40:53 920] isr        662  cloud_rslt_cb status =   5  
[2017/05/09 11:40:53 920] isr        641  process_result call:  cloud  nil  5  nil  
[2017/05/09 11:40:53 920] isr        798  3  msc  
[2017/05/09 11:40:53 920] isr        800  already speech end  
[2017/05/09 11:40:53 937] isr        1547 ASR_MSG_AUW,   cloud  
[2017/05/09 11:40:53 937] isr        1559 0  4  
[2017/05/09 11:40:53 938] isr        1636 ASR_MSG_GRSLT,   cloud  
[2017/05/09 11:40:53 938] isr        1335 0  nil  5  
============================================================
Time  2017/05/09 11:40:59 948 
============================================================
[2017/05/09 11:40:59 948] isr        1659 isr loaded!  
[2017/05/09 11:40:59 948] isr        1642 SYS_MSG_REGCB param0 =   msp_status_cb  param1 =   func(2f61400) 
[2017/05/09 11:40:59 948] isr        1537 ASR_MSG_SSB  
[2017/05/09 11:40:59 948] isr        1066 session_begin() [in], params:   sub=iat,aue=speex-wb;7,result_type=plain,result_encoding=utf8,language=zh_cn,accent=mandarin,sample_rate=16000,domain=music,vad_bos=2000,vad_eos=2000  nil  
[2017/05/09 11:40:59 948] isr        927  vad_set [in]  
[2017/05/09 11:40:59 948] isr        962  vad_enable :  true  
[2017/05/09 11:40:59 950] isr        980  vad_bos :  2000  
[2017/05/09 11:40:59 950] isr        981  vad_eos :  2000  
[2017/05/09 11:40:59 950] isr        886  enable_vad [in]  
[2017/05/09 11:40:59 950] isr        918  vad enabled!  2000  2000  
[2017/05/09 11:40:59 950] isr        921  enable_vad [out]  
[2017/05/09 11:40:59 950] isr        987  vad_set [out] | ret =  0  
[2017/05/09 11:40:59 950] isr        1187 cur_engine_type =   cloud  
[2017/05/09 11:40:59 950] isr        1001 cloud_session_begin  
[2017/05/09 11:40:59 950] isr        1013 standard  
[2017/05/09 11:41:00 121] isr        1547 ASR_MSG_AUW,   cloud  
[2017/05/09 11:41:00 121] isr        1559 4096  1  
[2017/05/09 11:41:00 121] isr        1569 once_bytes:   4096  
[2017/05/09 11:41:00 122] isr        851  [aud] speech start  
[2017/05/09 11:41:00 122] isr        798  1  msc  
[2017/05/09 11:41:00 252] isr        1547 ASR_MSG_AUW,   cloud  
[2017/05/09 11:41:00 252] isr        1559 4096  2  
[2017/05/09 11:41:00 301] isr        700  cloud_status_cb, eps:  1  
[2017/05/09 11:41:00 302] isr        798  1  cloud  
[2017/05/09 11:41:00 302] isr        813  cloud eps ignored  
[2017/05/09 11:41:00 381] isr        1547 ASR_MSG_AUW,   cloud  
[2017/05/09 11:41:00 381] isr        1559 4096  2  
[2017/05/09 11:41:00 510] isr        1547 ASR_MSG_AUW,   cloud  
[2017/05/09 11:41:00 510] isr        1559 4096  2  
[2017/05/09 11:41:00 641] isr        1547 ASR_MSG_AUW,   cloud  
[2017/05/09 11:41:00 641] isr        1559 4096  2  
[2017/05/09 11:41:00 760] isr        1547 ASR_MSG_AUW,   cloud  
[2017/05/09 11:41:00 760] isr        1559 4096  2  
[2017/05/09 11:41:00 891] isr        1547 ASR_MSG_AUW,   cloud  
[2017/05/09 11:41:00 891] isr        1559 4096  2  
[2017/05/09 11:41:01 020] isr        1547 ASR_MSG_AUW,   cloud  
[2017/05/09 11:41:01 022] isr        1559 4096  2  
[2017/05/09 11:41:01 151] isr        1547 ASR_MSG_AUW,   cloud  
[2017/05/09 11:41:01 151] isr        1559 4096  2  
[2017/05/09 11:41:01 280] isr        1547 ASR_MSG_AUW,   cloud  
[2017/05/09 11:41:01 282] isr        1559 4096  2  
[2017/05/09 11:41:01 401] isr        1547 ASR_MSG_AUW,   cloud  
[2017/05/09 11:41:01 401] isr        1559 4096  2  
[2017/05/09 11:41:01 530] isr        1547 ASR_MSG_AUW,   cloud  
[2017/05/09 11:41:01 530] isr        1559 4096  2  
[2017/05/09 11:41:01 661] isr        1547 ASR_MSG_AUW,   cloud  
[2017/05/09 11:41:01 661] isr        1559 4096  2  
[2017/05/09 11:41:01 792] isr        1547 ASR_MSG_AUW,   cloud  
[2017/05/09 11:41:01 793] isr        1559 4096  2  
[2017/05/09 11:41:01 921] isr        1547 ASR_MSG_AUW,   cloud  
[2017/05/09 11:41:01 921] isr        1559 4096  2  
[2017/05/09 11:41:02 040] isr        1547 ASR_MSG_AUW,   cloud  
[2017/05/09 11:41:02 040] isr        1559 4096  2  
[2017/05/09 11:41:02 171] isr        1547 ASR_MSG_AUW,   cloud  
[2017/05/09 11:41:02 171] isr        1559 4096  2  
[2017/05/09 11:41:02 301] isr        1547 ASR_MSG_AUW,   cloud  
[2017/05/09 11:41:02 301] isr        1559 4096  2  
[2017/05/09 11:41:02 351] isr        662  cloud_rslt_cb status =   0  
[2017/05/09 11:41:02 351] isr        641  process_result call:  cloud  udata(4101960) 0  nil  
[2017/05/09 11:41:02 430] isr        1547 ASR_MSG_AUW,   cloud  
[2017/05/09 11:41:02 430] isr        1559 4096  2  
[2017/05/09 11:41:02 562] isr        1547 ASR_MSG_AUW,   cloud  
[2017/05/09 11:41:02 562] isr        1559 4096  2  
[2017/05/09 11:41:02 681] isr        1547 ASR_MSG_AUW,   cloud  
[2017/05/09 11:41:02 681] isr        1559 4096  2  
[2017/05/09 11:41:02 811] isr        1547 ASR_MSG_AUW,   cloud  
[2017/05/09 11:41:02 811] isr        1559 4096  2  
[2017/05/09 11:41:02 941] isr        1547 ASR_MSG_AUW,   cloud  
[2017/05/09 11:41:02 941] isr        1559 4096  2  
[2017/05/09 11:41:03 071] isr        1547 ASR_MSG_AUW,   cloud  
[2017/05/09 11:41:03 071] isr        1559 4096  2  
[2017/05/09 11:41:03 072] isr        854  [aud] speech end  
[2017/05/09 11:41:03 072] isr        798  3  msc  
[2017/05/09 11:41:03 072] isr        864  aud end, MSC VAD  
[2017/05/09 11:41:03 174] isr        700  cloud_status_cb, eps:  3  
[2017/05/09 11:41:03 174] isr        798  3  cloud  
[2017/05/09 11:41:03 174] isr        800  already speech end  
[2017/05/09 11:41:03 177] isr        662  cloud_rslt_cb status =   5  
[2017/05/09 11:41:03 177] isr        641  process_result call:  cloud  udata(41038b0) 5  nil  
[2017/05/09 11:41:03 177] isr        798  3  msc  
[2017/05/09 11:41:03 177] isr        800  already speech end  
[2017/05/09 11:41:03 200] isr        1547 ASR_MSG_AUW,   cloud  
[2017/05/09 11:41:03 200] isr        1559 4096  2  
[2017/05/09 11:41:03 220] isr        1547 ASR_MSG_AUW,   cloud  
[2017/05/09 11:41:03 220] isr        1559 0  4  
[2017/05/09 11:41:03 221] isr        1636 ASR_MSG_GRSLT,   cloud  
[2017/05/09 11:41:03 221] isr        1335 0  udata(4101960) 0  
[2017/05/09 11:41:03 423] isr        1636 ASR_MSG_GRSLT,   cloud  
[2017/05/09 11:41:03 423] isr        1335 0  udata(41038b0) 5  
============================================================
Time  2017/05/09 11:49:37 426 
============================================================
[2017/05/09 11:49:37 426] isr        1659 isr loaded!  
[2017/05/09 11:49:37 426] isr        1642 SYS_MSG_REGCB param0 =   msp_status_cb  param1 =   func(2cd1cf0) 
[2017/05/09 11:49:37 426] isr        1537 ASR_MSG_SSB  
[2017/05/09 11:49:37 426] isr        1066 session_begin() [in], params:   sub=iat,aue=speex-wb;7,result_type=plain,result_encoding=utf8,language=zh_cn,accent=mandarin,sample_rate=16000,domain=music,vad_bos=2000,vad_eos=2000  nil  
[2017/05/09 11:49:37 427] isr        927  vad_set [in]  
[2017/05/09 11:49:37 427] isr        962  vad_enable :  true  
[2017/05/09 11:49:37 427] isr        980  vad_bos :  2000  
[2017/05/09 11:49:37 427] isr        981  vad_eos :  2000  
[2017/05/09 11:49:37 427] isr        886  enable_vad [in]  
[2017/05/09 11:49:37 427] isr        918  vad enabled!  2000  2000  
[2017/05/09 11:49:37 427] isr        921  enable_vad [out]  
[2017/05/09 11:49:37 427] isr        987  vad_set [out] | ret =  0  
[2017/05/09 11:49:37 427] isr        1187 cur_engine_type =   cloud  
[2017/05/09 11:49:37 427] isr        1001 cloud_session_begin  
[2017/05/09 11:49:37 427] isr        1013 standard  
[2017/05/09 11:49:37 596] isr        1547 ASR_MSG_AUW,   cloud  
[2017/05/09 11:49:37 596] isr        1559 4096  1  
[2017/05/09 11:49:37 596] isr        1569 once_bytes:   4096  
[2017/05/09 11:49:37 598] isr        851  [aud] speech start  
[2017/05/09 11:49:37 598] isr        798  1  msc  
[2017/05/09 11:49:37 726] isr        1547 ASR_MSG_AUW,   cloud  
[2017/05/09 11:49:37 726] isr        1559 4096  2  
[2017/05/09 11:49:37 782] isr        700  cloud_status_cb, eps:  1  
[2017/05/09 11:49:37 782] isr        798  1  cloud  
[2017/05/09 11:49:37 782] isr        813  cloud eps ignored  
[2017/05/09 11:49:37 857] isr        1547 ASR_MSG_AUW,   cloud  
[2017/05/09 11:49:37 857] isr        1559 4096  2  
[2017/05/09 11:49:37 986] isr        1547 ASR_MSG_AUW,   cloud  
[2017/05/09 11:49:37 986] isr        1559 4096  2  
[2017/05/09 11:49:38 117] isr        1547 ASR_MSG_AUW,   cloud  
[2017/05/09 11:49:38 117] isr        1559 4096  2  
[2017/05/09 11:49:38 237] isr        1547 ASR_MSG_AUW,   cloud  
[2017/05/09 11:49:38 237] isr        1559 4096  2  
[2017/05/09 11:49:38 367] isr        1547 ASR_MSG_AUW,   cloud  
[2017/05/09 11:49:38 367] isr        1559 4096  2  
[2017/05/09 11:49:38 497] isr        1547 ASR_MSG_AUW,   cloud  
[2017/05/09 11:49:38 497] isr        1559 4096  2  
[2017/05/09 11:49:38 627] isr        1547 ASR_MSG_AUW,   cloud  
[2017/05/09 11:49:38 627] isr        1559 4096  2  
[2017/05/09 11:49:38 757] isr        1547 ASR_MSG_AUW,   cloud  
[2017/05/09 11:49:38 757] isr        1559 4096  2  
[2017/05/09 11:49:38 877] isr        1547 ASR_MSG_AUW,   cloud  
[2017/05/09 11:49:38 878] isr        1559 4096  2  
[2017/05/09 11:49:39 007] isr        1547 ASR_MSG_AUW,   cloud  
[2017/05/09 11:49:39 007] isr        1559 4096  2  
[2017/05/09 11:49:39 137] isr        1547 ASR_MSG_AUW,   cloud  
[2017/05/09 11:49:39 137] isr        1559 4096  2  
[2017/05/09 11:49:39 266] isr        1547 ASR_MSG_AUW,   cloud  
[2017/05/09 11:49:39 266] isr        1559 4096  2  
[2017/05/09 11:49:39 397] isr        1547 ASR_MSG_AUW,   cloud  
[2017/05/09 11:49:39 397] isr        1559 4096  2  
[2017/05/09 11:49:39 516] isr        1547 ASR_MSG_AUW,   cloud  
[2017/05/09 11:49:39 516] isr        1559 4096  2  
[2017/05/09 11:49:39 517] isr        854  [aud] speech end  
[2017/05/09 11:49:39 519] isr        798  3  msc  
[2017/05/09 11:49:39 519] isr        864  aud end, MSC VAD  
[2017/05/09 11:49:39 622] isr        700  cloud_status_cb, eps:  3  
[2017/05/09 11:49:39 622] isr        798  3  cloud  
[2017/05/09 11:49:39 622] isr        800  already speech end  
[2017/05/09 11:49:39 624] isr        662  cloud_rslt_cb status =   5  
[2017/05/09 11:49:39 624] isr        641  process_result call:  cloud  nil  5  nil  
[2017/05/09 11:49:39 624] isr        798  3  msc  
[2017/05/09 11:49:39 624] isr        800  already speech end  
[2017/05/09 11:49:39 647] isr        1547 ASR_MSG_AUW,   cloud  
[2017/05/09 11:49:39 647] isr        1559 4096  2  
[2017/05/09 11:49:39 667] isr        1547 ASR_MSG_AUW,   cloud  
[2017/05/09 11:49:39 667] isr        1559 0  4  
[2017/05/09 11:49:39 667] isr        1636 ASR_MSG_GRSLT,   cloud  
[2017/05/09 11:49:39 667] isr        1335 0  nil  5  
============================================================
Time  2017/05/09 11:50:20 322 
============================================================
[2017/05/09 11:50:20 322] isr        1659 isr loaded!  
[2017/05/09 11:50:20 322] isr        1642 SYS_MSG_REGCB param0 =   msp_status_cb  param1 =   func(2cc1980) 
[2017/05/09 11:50:20 323] isr        1537 ASR_MSG_SSB  
[2017/05/09 11:50:20 323] isr        1066 session_begin() [in], params:   sub=iat,aue=speex-wb;7,result_type=plain,result_encoding=utf8,language=zh_cn,accent=mandarin,sample_rate=16000,domain=music,vad_bos=2000,vad_eos=2000  nil  
[2017/05/09 11:50:20 323] isr        927  vad_set [in]  
[2017/05/09 11:50:20 323] isr        962  vad_enable :  true  
[2017/05/09 11:50:20 323] isr        980  vad_bos :  2000  
[2017/05/09 11:50:20 323] isr        981  vad_eos :  2000  
[2017/05/09 11:50:20 323] isr        886  enable_vad [in]  
[2017/05/09 11:50:20 325] isr        918  vad enabled!  2000  2000  
[2017/05/09 11:50:20 325] isr        921  enable_vad [out]  
[2017/05/09 11:50:20 325] isr        987  vad_set [out] | ret =  0  
[2017/05/09 11:50:20 325] isr        1187 cur_engine_type =   cloud  
[2017/05/09 11:50:20 325] isr        1001 cloud_session_begin  
[2017/05/09 11:50:20 325] isr        1013 standard  
[2017/05/09 11:50:20 496] isr        1547 ASR_MSG_AUW,   cloud  
[2017/05/09 11:50:20 496] isr        1559 4096  1  
[2017/05/09 11:50:20 496] isr        1569 once_bytes:   4096  
[2017/05/09 11:50:20 496] isr        851  [aud] speech start  
[2017/05/09 11:50:20 496] isr        798  1  msc  
[2017/05/09 11:50:20 625] isr        1547 ASR_MSG_AUW,   cloud  
[2017/05/09 11:50:20 625] isr        1559 4096  2  
[2017/05/09 11:50:20 670] isr        700  cloud_status_cb, eps:  1  
[2017/05/09 11:50:20 670] isr        798  1  cloud  
[2017/05/09 11:50:20 670] isr        813  cloud eps ignored  
[2017/05/09 11:50:20 755] isr        1547 ASR_MSG_AUW,   cloud  
[2017/05/09 11:50:20 755] isr        1559 4096  2  
[2017/05/09 11:50:20 887] isr        1547 ASR_MSG_AUW,   cloud  
[2017/05/09 11:50:20 887] isr        1559 4096  2  
[2017/05/09 11:50:21 015] isr        1547 ASR_MSG_AUW,   cloud  
[2017/05/09 11:50:21 016] isr        1559 4096  2  
[2017/05/09 11:50:21 134] isr        1547 ASR_MSG_AUW,   cloud  
[2017/05/09 11:50:21 135] isr        1559 4096  2  
[2017/05/09 11:50:21 265] isr        1547 ASR_MSG_AUW,   cloud  
[2017/05/09 11:50:21 265] isr        1559 4096  2  
[2017/05/09 11:50:21 394] isr        1547 ASR_MSG_AUW,   cloud  
[2017/05/09 11:50:21 394] isr        1559 4096  2  
[2017/05/09 11:50:21 526] isr        1547 ASR_MSG_AUW,   cloud  
[2017/05/09 11:50:21 526] isr        1559 4096  2  
[2017/05/09 11:50:21 654] isr        1547 ASR_MSG_AUW,   cloud  
[2017/05/09 11:50:21 655] isr        1559 4096  2  
[2017/05/09 11:50:21 775] isr        1547 ASR_MSG_AUW,   cloud  
[2017/05/09 11:50:21 775] isr        1559 4096  2  
[2017/05/09 11:50:21 904] isr        1547 ASR_MSG_AUW,   cloud  
[2017/05/09 11:50:21 904] isr        1559 4096  2  
[2017/05/09 11:50:22 036] isr        1547 ASR_MSG_AUW,   cloud  
[2017/05/09 11:50:22 036] isr        1559 4096  2  
[2017/05/09 11:50:22 164] isr        1547 ASR_MSG_AUW,   cloud  
[2017/05/09 11:50:22 164] isr        1559 4096  2  
[2017/05/09 11:50:22 296] isr        1547 ASR_MSG_AUW,   cloud  
[2017/05/09 11:50:22 296] isr        1559 4096  2  
[2017/05/09 11:50:22 415] isr        1547 ASR_MSG_AUW,   cloud  
[2017/05/09 11:50:22 415] isr        1559 4096  2  
[2017/05/09 11:50:22 545] isr        1547 ASR_MSG_AUW,   cloud  
[2017/05/09 11:50:22 546] isr        1559 4096  2  
[2017/05/09 11:50:22 676] isr        1547 ASR_MSG_AUW,   cloud  
[2017/05/09 11:50:22 676] isr        1559 4096  2  
[2017/05/09 11:50:22 733] isr        662  cloud_rslt_cb status =   0  
[2017/05/09 11:50:22 733] isr        641  process_result call:  cloud  udata(40d5968) 0  nil  
[2017/05/09 11:50:22 805] isr        1547 ASR_MSG_AUW,   cloud  
[2017/05/09 11:50:22 805] isr        1559 4096  2  
[2017/05/09 11:50:22 936] isr        1547 ASR_MSG_AUW,   cloud  
[2017/05/09 11:50:22 936] isr        1559 4096  2  
[2017/05/09 11:50:23 055] isr        1547 ASR_MSG_AUW,   cloud  
[2017/05/09 11:50:23 055] isr        1559 4096  2  
[2017/05/09 11:50:23 184] isr        1547 ASR_MSG_AUW,   cloud  
[2017/05/09 11:50:23 186] isr        1559 4096  2  
[2017/05/09 11:50:23 315] isr        1547 ASR_MSG_AUW,   cloud  
[2017/05/09 11:50:23 315] isr        1559 4096  2  
[2017/05/09 11:50:23 447] isr        1547 ASR_MSG_AUW,   cloud  
[2017/05/09 11:50:23 447] isr        1559 4096  2  
[2017/05/09 11:50:23 448] isr        854  [aud] speech end  
[2017/05/09 11:50:23 448] isr        798  3  msc  
[2017/05/09 11:50:23 448] isr        864  aud end, MSC VAD  
[2017/05/09 11:50:23 562] isr        700  cloud_status_cb, eps:  3  
[2017/05/09 11:50:23 562] isr        798  3  cloud  
[2017/05/09 11:50:23 562] isr        800  already speech end  
[2017/05/09 11:50:23 565] isr        662  cloud_rslt_cb status =   5  
[2017/05/09 11:50:23 565] isr        641  process_result call:  cloud  udata(40cfa58) 5  nil  
[2017/05/09 11:50:23 565] isr        798  3  msc  
[2017/05/09 11:50:23 566] isr        800  already speech end  
[2017/05/09 11:50:23 575] isr        1547 ASR_MSG_AUW,   cloud  
[2017/05/09 11:50:23 575] isr        1559 4096  2  
[2017/05/09 11:50:23 596] isr        1547 ASR_MSG_AUW,   cloud  
[2017/05/09 11:50:23 596] isr        1559 0  4  
[2017/05/09 11:50:23 598] isr        1636 ASR_MSG_GRSLT,   cloud  
[2017/05/09 11:50:23 598] isr        1335 0  udata(40d5968) 0  
[2017/05/09 11:50:23 799] isr        1636 ASR_MSG_GRSLT,   cloud  
[2017/05/09 11:50:23 799] isr        1335 0  udata(40cfa58) 5  
============================================================
Time  2017/05/09 11:52:31 283 
============================================================
[2017/05/09 11:52:31 283] isr        1659 isr loaded!  
[2017/05/09 11:52:31 283] isr        1642 SYS_MSG_REGCB param0 =   msp_status_cb  param1 =   func(2d41dc0) 
[2017/05/09 11:52:31 283] isr        1537 ASR_MSG_SSB  
[2017/05/09 11:52:31 283] isr        1066 session_begin() [in], params:   sub=iat,aue=speex-wb;7,result_type=plain,result_encoding=utf8,language=zh_cn,accent=mandarin,sample_rate=16000,domain=music,vad_bos=2000,vad_eos=2000  nil  
[2017/05/09 11:52:31 283] isr        927  vad_set [in]  
[2017/05/09 11:52:31 285] isr        962  vad_enable :  true  
[2017/05/09 11:52:31 285] isr        980  vad_bos :  2000  
[2017/05/09 11:52:31 285] isr        981  vad_eos :  2000  
[2017/05/09 11:52:31 285] isr        886  enable_vad [in]  
[2017/05/09 11:52:31 285] isr        918  vad enabled!  2000  2000  
[2017/05/09 11:52:31 285] isr        921  enable_vad [out]  
[2017/05/09 11:52:31 285] isr        987  vad_set [out] | ret =  0  
[2017/05/09 11:52:31 286] isr        1187 cur_engine_type =   cloud  
[2017/05/09 11:52:31 286] isr        1001 cloud_session_begin  
[2017/05/09 11:52:31 286] isr        1013 standard  
[2017/05/09 11:52:31 463] isr        1547 ASR_MSG_AUW,   cloud  
[2017/05/09 11:52:31 463] isr        1559 4096  1  
[2017/05/09 11:52:31 463] isr        1569 once_bytes:   4096  
[2017/05/09 11:52:31 466] isr        851  [aud] speech start  
[2017/05/09 11:52:31 466] isr        798  1  msc  
[2017/05/09 11:52:31 592] isr        1547 ASR_MSG_AUW,   cloud  
[2017/05/09 11:52:31 592] isr        1559 4096  2  
[2017/05/09 11:52:31 693] isr        700  cloud_status_cb, eps:  1  
[2017/05/09 11:52:31 693] isr        798  1  cloud  
[2017/05/09 11:52:31 693] isr        813  cloud eps ignored  
[2017/05/09 11:52:31 721] isr        1547 ASR_MSG_AUW,   cloud  
[2017/05/09 11:52:31 721] isr        1559 4096  2  
[2017/05/09 11:52:31 851] isr        1547 ASR_MSG_AUW,   cloud  
[2017/05/09 11:52:31 852] isr        1559 4096  2  
[2017/05/09 11:52:31 983] isr        1547 ASR_MSG_AUW,   cloud  
[2017/05/09 11:52:31 983] isr        1559 4096  2  
[2017/05/09 11:52:32 102] isr        1547 ASR_MSG_AUW,   cloud  
[2017/05/09 11:52:32 104] isr        1559 4096  2  
[2017/05/09 11:52:32 232] isr        1547 ASR_MSG_AUW,   cloud  
[2017/05/09 11:52:32 232] isr        1559 4096  2  
[2017/05/09 11:52:32 362] isr        1547 ASR_MSG_AUW,   cloud  
[2017/05/09 11:52:32 362] isr        1559 4096  2  
[2017/05/09 11:52:32 492] isr        1547 ASR_MSG_AUW,   cloud  
[2017/05/09 11:52:32 492] isr        1559 4096  2  
[2017/05/09 11:52:32 622] isr        1547 ASR_MSG_AUW,   cloud  
[2017/05/09 11:52:32 622] isr        1559 4096  2  
[2017/05/09 11:52:32 743] isr        1547 ASR_MSG_AUW,   cloud  
[2017/05/09 11:52:32 743] isr        1559 4096  2  
[2017/05/09 11:52:32 872] isr        1547 ASR_MSG_AUW,   cloud  
[2017/05/09 11:52:32 872] isr        1559 4096  2  
[2017/05/09 11:52:33 003] isr        1547 ASR_MSG_AUW,   cloud  
[2017/05/09 11:52:33 003] isr        1559 4096  2  
[2017/05/09 11:52:33 131] isr        1547 ASR_MSG_AUW,   cloud  
[2017/05/09 11:52:33 132] isr        1559 4096  2  
[2017/05/09 11:52:33 263] isr        1547 ASR_MSG_AUW,   cloud  
[2017/05/09 11:52:33 263] isr        1559 4096  2  
[2017/05/09 11:52:33 382] isr        1547 ASR_MSG_AUW,   cloud  
[2017/05/09 11:52:33 382] isr        1559 4096  2  
[2017/05/09 11:52:33 513] isr        1547 ASR_MSG_AUW,   cloud  
[2017/05/09 11:52:33 513] isr        1559 4096  2  
[2017/05/09 11:52:33 642] isr        1547 ASR_MSG_AUW,   cloud  
[2017/05/09 11:52:33 642] isr        1559 4096  2  
[2017/05/09 11:52:33 773] isr        1547 ASR_MSG_AUW,   cloud  
[2017/05/09 11:52:33 773] isr        1559 4096  2  
[2017/05/09 11:52:33 903] isr        1547 ASR_MSG_AUW,   cloud  
[2017/05/09 11:52:33 903] isr        1559 4096  2  
[2017/05/09 11:52:33 951] isr        662  cloud_rslt_cb status =   0  
[2017/05/09 11:52:33 953] isr        641  process_result call:  cloud  udata(40c07e0) 0  nil  
[2017/05/09 11:52:34 023] isr        1547 ASR_MSG_AUW,   cloud  
[2017/05/09 11:52:34 023] isr        1559 4096  2  
[2017/05/09 11:52:34 151] isr        1547 ASR_MSG_AUW,   cloud  
[2017/05/09 11:52:34 151] isr        1559 4096  2  
[2017/05/09 11:52:34 282] isr        1547 ASR_MSG_AUW,   cloud  
[2017/05/09 11:52:34 282] isr        1559 4096  2  
[2017/05/09 11:52:34 414] isr        1547 ASR_MSG_AUW,   cloud  
[2017/05/09 11:52:34 414] isr        1559 4096  2  
[2017/05/09 11:52:34 542] isr        1547 ASR_MSG_AUW,   cloud  
[2017/05/09 11:52:34 542] isr        1559 4096  2  
[2017/05/09 11:52:34 661] isr        1547 ASR_MSG_AUW,   cloud  
[2017/05/09 11:52:34 661] isr        1559 4096  2  
[2017/05/09 11:52:34 792] isr        1547 ASR_MSG_AUW,   cloud  
[2017/05/09 11:52:34 792] isr        1559 4096  2  
[2017/05/09 11:52:34 923] isr        1547 ASR_MSG_AUW,   cloud  
[2017/05/09 11:52:34 923] isr        1559 4096  2  
[2017/05/09 11:52:35 052] isr        1547 ASR_MSG_AUW,   cloud  
[2017/05/09 11:52:35 052] isr        1559 4096  2  
[2017/05/09 11:52:35 053] isr        854  [aud] speech end  
[2017/05/09 11:52:35 053] isr        798  3  msc  
[2017/05/09 11:52:35 053] isr        864  aud end, MSC VAD  
[2017/05/09 11:52:35 148] isr        700  cloud_status_cb, eps:  3  
[2017/05/09 11:52:35 148] isr        798  3  cloud  
[2017/05/09 11:52:35 148] isr        800  already speech end  
[2017/05/09 11:52:35 151] isr        662  cloud_rslt_cb status =   5  
[2017/05/09 11:52:35 151] isr        641  process_result call:  cloud  udata(40bb4a0) 5  nil  
[2017/05/09 11:52:35 151] isr        798  3  msc  
[2017/05/09 11:52:35 151] isr        800  already speech end  
[2017/05/09 11:52:35 183] isr        1547 ASR_MSG_AUW,   cloud  
[2017/05/09 11:52:35 183] isr        1559 4096  2  
[2017/05/09 11:52:35 203] isr        1547 ASR_MSG_AUW,   cloud  
[2017/05/09 11:52:35 203] isr        1559 0  4  
[2017/05/09 11:52:35 203] isr        1636 ASR_MSG_GRSLT,   cloud  
[2017/05/09 11:52:35 203] isr        1335 0  udata(40c07e0) 0  
[2017/05/09 11:52:35 404] isr        1636 ASR_MSG_GRSLT,   cloud  
[2017/05/09 11:52:35 404] isr        1335 0  udata(40bb4a0) 5  
